\BOOKMARK [0][-]{chapter.1}{\376\377\000H\000o\000w\000\040\000t\000o\000\040\000c\000i\000t\000e\000\040\000T\000h\000e\000r\000m\000o\000L\000I\000B}{}% 1
\BOOKMARK [0][-]{chapter.2}{\376\377\000I\000n\000s\000t\000a\000l\000l\000a\000t\000i\000o\000n\000\040\000G\000u\000i\000d\000e}{}% 2
\BOOKMARK [1][-]{section.2.1}{\376\377\000I\000n\000s\000t\000a\000l\000l\000a\000t\000i\000o\000n\000\040\000G\000u\000i\000d\000e}{chapter.2}% 3
\BOOKMARK [2][-]{subsection.2.1.1}{\376\377\000D\000e\000p\000e\000n\000d\000e\000n\000c\000i\000e\000s}{section.2.1}% 4
\BOOKMARK [3][-]{subsubsection.2.1.1.1}{\376\377\000M\000o\000l\000M\000o\000d\000\040\000D\000e\000p\000e\000n\000d\000e\000n\000c\000y}{subsection.2.1.1}% 5
\BOOKMARK [3][-]{subsubsection.2.1.1.2}{\376\377\000E\000x\000t\000e\000r\000n\000a\000l\000\040\000D\000e\000p\000e\000n\000d\000e\000n\000c\000i\000e\000s}{subsection.2.1.1}% 6
\BOOKMARK [2][-]{subsection.2.1.2}{\376\377\000D\000o\000w\000n\000l\000o\000a\000d\000i\000n\000g\000\040\000T\000h\000e\000r\000m\000o\000L\000I\000B}{section.2.1}% 7
\BOOKMARK [3][-]{subsubsection.2.1.2.1}{\376\377\000S\000t\000a\000b\000l\000e\000\040\000r\000e\000l\000e\000a\000s\000e\000s}{subsection.2.1.2}% 8
\BOOKMARK [3][-]{subsubsection.2.1.2.2}{\376\377\000L\000a\000t\000e\000s\000t\000\040\000d\000e\000v\000e\000l\000o\000p\000m\000e\000n\000t\000\040\000v\000e\000r\000s\000i\000o\000n\000\040\000\050\000e\000x\000p\000e\000r\000t\000s\000\040\000o\000n\000l\000y\000\051}{subsection.2.1.2}% 9
\BOOKMARK [2][-]{subsection.2.1.3}{\376\377\000I\000n\000s\000t\000a\000l\000l\000i\000n\000g\000\040\000T\000h\000e\000r\000m\000o\000L\000I\000B}{section.2.1}% 10
\BOOKMARK [0][-]{chapter.3}{\376\377\000U\000s\000e\000r\000\040\000G\000u\000i\000d\000e}{}% 11
\BOOKMARK [1][-]{section.3.1}{\376\377\000U\000s\000e\000r\000\040\000G\000u\000i\000d\000e\000\040\000-\000\040\000T\000h\000e\000r\000m\000o\000d\000y\000n\000a\000m\000i\000c\000s}{chapter.3}% 12
\BOOKMARK [2][-]{subsection.3.1.1}{\376\377\000C\000o\000n\000s\000t\000r\000u\000c\000t\000i\000n\000g\000\040\000a\000\040\0001\000D\000\040\000H\000i\000s\000t\000o\000g\000r\000a\000m}{section.3.1}% 13
\BOOKMARK [3][-]{subsubsection.3.1.1.1}{\376\377\000w\000i\000t\000h\000o\000u\000t\000\040\000e\000r\000r\000o\000r\000\040\000e\000s\000t\000i\000m\000a\000t\000i\000o\000n}{subsection.3.1.1}% 14
\BOOKMARK [3][-]{subsubsection.3.1.1.2}{\376\377\000w\000i\000t\000h\000\040\000e\000r\000r\000o\000r\000\040\000e\000s\000t\000i\000m\000a\000t\000i\000o\000n}{subsection.3.1.1}% 15
\BOOKMARK [4][-]{paragraph*.3}{\376\377\000f\000r\000o\000m\000\040\000a\000s\000y\000m\000p\000t\000o\000t\000i\000c\000\040\000n\000o\000r\000m\000a\000l\000i\000t\000y\000\040\000o\000f\000\040\000t\000h\000e\000\040\000M\000L\000E}{subsubsection.3.1.1.2}% 16
\BOOKMARK [4][-]{paragraph*.4}{\376\377\000f\000r\000o\000m\000\040\000b\000l\000o\000c\000k\000\040\000a\000n\000a\000l\000y\000s\000i\000s}{subsubsection.3.1.1.2}% 17
\BOOKMARK [2][-]{subsection.3.1.2}{\376\377\000C\000o\000n\000s\000t\000r\000u\000c\000t\000i\000n\000g\000\040\000a\000\040\0001\000D\000\040\000f\000r\000e\000e\000\040\000e\000n\000e\000r\000g\000y\000\040\000p\000r\000o\000f\000i\000l\000e}{section.3.1}% 18
\BOOKMARK [3][-]{subsubsection.3.1.2.1}{\376\377\000u\000s\000i\000n\000g\000\040\000t\000h\000e\000\040\000c\000o\000n\000s\000t\000r\000u\000c\000t\000o\000r}{subsection.3.1.2}% 19
\BOOKMARK [3][-]{subsubsection.3.1.2.2}{\376\377\000r\000e\000a\000d\000i\000n\000g\000\040\000f\000r\000o\000m\000\040\000a\000\040\000t\000e\000x\000t\000\040\000f\000i\000l\000e}{subsection.3.1.2}% 20
\BOOKMARK [3][-]{subsubsection.3.1.2.3}{\376\377\000f\000r\000o\000m\000\040\000a\000\040\000t\000r\000a\000j\000e\000c\000t\000o\000r\000y\000\040\000h\000i\000s\000t\000o\000g\000r\000a\000m}{subsection.3.1.2}% 21
\BOOKMARK [2][-]{subsection.3.1.3}{\376\377\0002\000D\000\040\000f\000r\000e\000e\000\040\000e\000n\000e\000r\000g\000y\000\040\000s\000u\000r\000f\000a\000c\000e}{section.3.1}% 22
\BOOKMARK [2][-]{subsection.3.1.4}{\376\377\000T\000r\000a\000n\000s\000f\000o\000r\000m\000a\000t\000i\000o\000n\000s}{section.3.1}% 23
\BOOKMARK [3][-]{subsubsection.3.1.4.1}{\376\377\000T\000r\000a\000n\000s\000f\000o\000r\000m\000i\000n\000g\000\040\000F\000E\000P\000\040\000b\000e\000t\000w\000e\000e\000n\000\040\000c\000o\000l\000l\000e\000c\000t\000i\000v\000e\000\040\000v\000a\000r\000i\000a\000b\000l\000e\000s}{subsection.3.1.4}% 24
\BOOKMARK [3][-]{subsubsection.3.1.4.2}{\376\377\000P\000r\000o\000j\000e\000c\000t\000i\000n\000g\000\040\0002\000D\000\040\000F\000E\000S\000\040\000t\000o\000\040\0001\000D\000\040\000F\000E\000P}{subsection.3.1.4}% 25
\BOOKMARK [3][-]{subsubsection.3.1.4.3}{\376\377\000D\000e\000p\000r\000o\000j\000e\000c\000t\000i\000n\000g\000\040\0001\000D\000\040\000F\000E\000P\000\040\000t\000o\000\040\0002\000D\000\040\000F\000E\000S}{subsection.3.1.4}% 26
\BOOKMARK [1][-]{section.3.2}{\376\377\000U\000s\000e\000r\000\040\000G\000u\000i\000d\000e\000\040\000-\000\040\000K\000i\000n\000e\000t\000i\000c\000s}{chapter.3}% 27
\BOOKMARK [2][-]{subsection.3.2.1}{\376\377\000R\000e\000a\000c\000t\000i\000o\000n\000\040\000r\000a\000t\000e\000\040\000f\000r\000o\000m\000\040\000e\000q\000u\000i\000l\000i\000b\000r\000i\000u\000m\000\040\000s\000i\000m\000u\000l\000a\000t\000i\000o\000n\000s}{section.3.2}% 28
\BOOKMARK [2][-]{subsection.3.2.2}{\376\377\000A\000l\000t\000e\000r\000n\000a\000t\000i\000v\000e\000\040\000c\000o\000m\000p\000u\000t\000a\000t\000i\000o\000n\000\040\000o\000f\000\040\000r\000e\000a\000c\000t\000i\000o\000n\000\040\000r\000a\000t\000e}{section.3.2}% 29
\BOOKMARK [0][-]{chapter.4}{\376\377\000T\000u\000t\000o\000r\000i\000a\000l\000s}{}% 30
\BOOKMARK [1][-]{section.4.1}{\376\377\000T\000u\000t\000o\000r\000i\000a\000l\000s}{chapter.4}% 31
\BOOKMARK [0][-]{chapter.5}{\376\377\000R\000e\000f\000e\000r\000e\000n\000c\000e\000\040\000G\000u\000i\000d\000e}{}% 32
\BOOKMARK [1][-]{section.5.1}{\376\377\000R\000e\000f\000e\000r\000e\000n\000c\000e\000\040\000G\000u\000i\000d\000e}{chapter.5}% 33
\BOOKMARK [2][-]{subsection.5.1.1}{\376\377\000T\000h\000e\000r\000m\000o\000d\000y\000n\000a\000m\000i\000c\000s\000\040\000M\000o\000d\000u\000l\000e\000s}{section.5.1}% 34
\BOOKMARK [3][-]{subsubsection.5.1.1.1}{\376\377\000F\000r\000e\000e\000\040\000e\000n\000e\000r\000g\000y\000\040\000p\000r\000o\000f\000i\000l\000e\000s\000\040\040\023\000\040\000t\000h\000e\000r\000m\000o\000d\000y\000n\000a\000m\000i\000c\000s\000.\000f\000e\000p}{subsection.5.1.1}% 35
\BOOKMARK [4][-]{paragraph*.6}{\376\377\0001\000D\000\040\000F\000r\000e\000e\000\040\000e\000n\000e\000r\000g\000y\000\040\000p\000r\000o\000f\000i\000l\000e}{subsubsection.5.1.1.1}% 36
\BOOKMARK [4][-]{paragraph*.25}{\376\377\0002\000D\000\040\000F\000r\000e\000e\000\040\000e\000n\000e\000r\000g\000y\000\040\000s\000u\000r\000f\000a\000c\000e}{subsubsection.5.1.1.1}% 37
\BOOKMARK [3][-]{subsubsection.5.1.1.2}{\376\377\000H\000i\000s\000t\000o\000g\000r\000a\000m\000s\000\040\040\023\000\040\000t\000h\000e\000r\000m\000o\000d\000y\000n\000a\000m\000i\000c\000s\000.\000h\000i\000s\000t\000o\000g\000r\000a\000m}{subsection.5.1.1}% 38
\BOOKMARK [3][-]{subsubsection.5.1.1.3}{\376\377\000C\000o\000l\000l\000e\000c\000t\000i\000v\000e\000\040\000v\000a\000r\000i\000a\000b\000l\000e\000\040\040\023\000\040\000t\000h\000e\000r\000m\000o\000d\000y\000n\000a\000m\000i\000c\000s\000.\000c\000v}{subsection.5.1.1}% 39
\BOOKMARK [3][-]{subsubsection.5.1.1.4}{\376\377\000B\000i\000a\000s\000\040\000p\000o\000t\000e\000n\000t\000i\000a\000l\000s\000\040\040\023\000\040\000t\000h\000e\000r\000m\000o\000d\000y\000n\000a\000m\000i\000c\000s\000.\000b\000i\000a\000s}{subsection.5.1.1}% 40
\BOOKMARK [3][-]{subsubsection.5.1.1.5}{\376\377\000C\000o\000n\000d\000i\000t\000i\000o\000n\000a\000l\000\040\000p\000r\000o\000b\000a\000b\000i\000l\000i\000t\000y\000\040\040\023\000\040\000t\000h\000e\000r\000m\000o\000d\000y\000n\000a\000m\000i\000c\000s\000.\000c\000o\000n\000d\000p\000r\000o\000b}{subsection.5.1.1}% 41
\BOOKMARK [2][-]{subsection.5.1.2}{\376\377\000K\000i\000n\000e\000t\000i\000c\000\040\000M\000o\000d\000u\000l\000e\000s}{section.5.1}% 42
\BOOKMARK [3][-]{subsubsection.5.1.2.1}{\376\377\000R\000a\000t\000e\000\040\000c\000o\000n\000s\000t\000a\000n\000t\000\040\000f\000r\000o\000m\000\040\000t\000r\000a\000n\000s\000i\000t\000i\000o\000n\000\040\000s\000t\000a\000t\000e\000\040\000t\000h\000e\000o\000r\000y\000\040\040\023\000\040\000k\000i\000n\000e\000t\000i\000c\000s\000.\000r\000a\000t\000e}{subsection.5.1.2}% 43
\BOOKMARK [2][-]{subsection.5.1.3}{\376\377\000G\000e\000n\000e\000r\000a\000l\000\040\000t\000o\000o\000l\000s}{section.5.1}% 44
\BOOKMARK [0][-]{chapter.6}{\376\377\000T\000h\000e\000o\000r\000e\000t\000i\000c\000a\000l\000\040\000b\000a\000c\000k\000g\000r\000o\000u\000n\000d}{}% 45
\BOOKMARK [1][-]{section.6.1}{\376\377\000T\000h\000e\000o\000r\000e\000t\000i\000c\000a\000l\000\040\000b\000a\000c\000k\000g\000r\000o\000u\000n\000d}{chapter.6}% 46
\BOOKMARK [2][-]{subsection.6.1.1}{\376\377\000G\000e\000n\000e\000r\000a\000l\000\040\000s\000t\000a\000t\000i\000s\000t\000i\000c\000a\000l\000\040\000p\000h\000y\000s\000i\000c\000s}{section.6.1}% 47
\BOOKMARK [3][-]{subsubsection.6.1.1.1}{\376\377\000P\000a\000r\000t\000i\000t\000i\000o\000n\000\040\000f\000u\000n\000c\000t\000i\000o\000n\000\040\000a\000n\000d\000\040\000t\000o\000t\000a\000l\000\040\000f\000r\000e\000e\000\040\000e\000n\000e\000r\000g\000y}{subsection.6.1.1}% 48
\BOOKMARK [3][-]{subsubsection.6.1.1.2}{\376\377\000C\000o\000l\000l\000e\000c\000t\000i\000v\000e\000\040\000v\000a\000r\000i\000a\000b\000l\000e\000s\000\040\000a\000n\000d\000\040\000f\000r\000e\000e\000\040\000e\000n\000e\000r\000g\000y\000\040\000p\000r\000o\000f\000i\000l\000e\000s}{subsection.6.1.1}% 49
\BOOKMARK [4][-]{paragraph*.80}{\376\377\0001\000D\000\040\000f\000r\000e\000e\000\040\000e\000n\000e\000r\000g\000y\000\040\000p\000r\000o\000f\000i\000l\000e}{subsubsection.6.1.1.2}% 50
\BOOKMARK [4][-]{paragraph*.81}{\376\377\0002\000D\000\040\000f\000r\000e\000e\000\040\000e\000n\000e\000r\000g\000y\000\040\000s\000u\000r\000f\000a\000c\000e}{subsubsection.6.1.1.2}% 51
\BOOKMARK [2][-]{subsection.6.1.2}{\376\377\000T\000r\000a\000n\000s\000f\000o\000r\000m\000a\000t\000i\000o\000n\000s\000\040\000a\000n\000d\000\040\000p\000r\000o\000j\000e\000c\000t\000i\000o\000n\000s\000\040\000o\000f\000\040\000t\000h\000e\000\040\000F\000E\000S}{section.6.1}% 52
\BOOKMARK [3][-]{subsubsection.6.1.2.1}{\376\377\000T\000r\000a\000n\000s\000f\000o\000r\000m\000i\000n\000g\000\040\000t\000h\000e\000\040\000F\000E\000P\000\040\000f\000r\000o\000m\000\040\000o\000n\000e\000\040\000C\000V\000\040\000t\000o\000\040\000a\000n\000o\000t\000h\000e\000r}{subsection.6.1.2}% 53
\BOOKMARK [4][-]{paragraph*.82}{\376\377\000D\000e\000t\000e\000r\000m\000i\000n\000i\000s\000t\000i\000c\000\040\000r\000e\000l\000a\000t\000i\000o\000n}{subsubsection.6.1.2.1}% 54
\BOOKMARK [4][-]{paragraph*.83}{\376\377\000P\000r\000o\000b\000a\000b\000i\000l\000i\000s\000t\000i\000c\000\040\000c\000o\000r\000r\000e\000l\000a\000t\000i\000o\000n}{subsubsection.6.1.2.1}% 55
\BOOKMARK [3][-]{subsubsection.6.1.2.2}{\376\377\000P\000r\000o\000j\000e\000c\000t\000i\000n\000g\000\040\000f\000r\000e\000e\000\040\000e\000n\000e\000r\000g\000y\000\040\000s\000u\000r\000f\000a\000c\000e\000s}{subsection.6.1.2}% 56
\BOOKMARK [3][-]{subsubsection.6.1.2.3}{\376\377\000D\000e\000p\000r\000o\000j\000e\000c\000t\000i\000n\000g\000\040\000f\000r\000e\000e\000\040\000e\000n\000e\000r\000g\000y\000\040\000s\000u\000r\000f\000a\000c\000e\000s}{subsection.6.1.2}% 57
\BOOKMARK [2][-]{subsection.6.1.3}{\376\377\000C\000o\000n\000d\000i\000t\000i\000o\000n\000a\000l\000\040\000p\000r\000o\000b\000a\000b\000i\000l\000i\000t\000i\000e\000s\000\040\000f\000r\000o\000m\000\040\000\050\000b\000i\000a\000s\000e\000d\000\051\000\040\000s\000i\000m\000u\000l\000a\000t\000i\000o\000n\000s}{section.6.1}% 58
\BOOKMARK [2][-]{subsection.6.1.4}{\376\377\000K\000i\000n\000e\000t\000i\000c\000\040\000r\000e\000a\000c\000t\000i\000o\000n\000\040\000r\000a\000t\000e\000s\000\040\000f\000r\000o\000m\000\040\000t\000r\000a\000n\000s\000i\000t\000i\000o\000n\000\040\000s\000t\000a\000t\000e\000\040\000t\000h\000e\000o\000r\000y}{section.6.1}% 59
\BOOKMARK [2][-]{subsection.6.1.5}{\376\377\000E\000r\000r\000o\000r\000\040\000o\000n\000\040\000t\000h\000e\000\040\000s\000a\000m\000p\000l\000e\000\040\000a\000v\000e\000r\000a\000g\000e\000[\000s\000e\000c\000:\000e\000r\000r\000o\000r\000\137\000s\000a\000m\000p\000l\000e\000\137\000a\000v\000e\000r\000a\000g\000e\000]}{section.6.1}% 60
\BOOKMARK [3][-]{subsubsection.6.1.5.1}{\376\377\000E\000r\000r\000o\000r\000\040\000b\000a\000r\000\040\000f\000o\000r\000\040\000u\000n\000c\000o\000r\000r\000e\000l\000a\000t\000e\000d\000\040\000s\000a\000m\000p\000l\000e\000s\000[\000s\000u\000b\000s\000e\000c\000:\000U\000n\000c\000o\000r\000r\000e\000l\000a\000t\000e\000d\000-\000s\000a\000m\000p\000l\000e\000s\000]}{subsection.6.1.5}% 61
\BOOKMARK [3][-]{subsubsection.6.1.5.2}{\376\377\000E\000r\000r\000o\000r\000\040\000b\000a\000r\000\040\000f\000o\000r\000\040\000c\000o\000r\000r\000e\000l\000a\000t\000e\000d\000\040\000s\000a\000m\000p\000l\000e\000s\000[\000s\000u\000b\000s\000e\000c\000:\000C\000o\000r\000r\000e\000l\000a\000t\000e\000d\000-\000s\000a\000m\000p\000l\000e\000s\000]}{subsection.6.1.5}% 62
\BOOKMARK [3][-]{subsubsection.6.1.5.3}{\376\377\000B\000l\000o\000c\000k\000\040\000a\000v\000e\000r\000a\000g\000i\000n\000g\000[\000s\000u\000b\000s\000e\000c\000:\000B\000l\000o\000c\000k\000-\000a\000v\000e\000r\000a\000g\000i\000n\000g\000]}{subsection.6.1.5}% 63
\BOOKMARK [2][-]{subsection.6.1.6}{\376\377\000E\000r\000r\000o\000r\000\040\000o\000n\000\040\000t\000h\000e\000\040\000e\000s\000t\000i\000m\000a\000t\000i\000o\000n\000\040\000o\000f\000\040\000t\000h\000e\000\040\000p\000r\000o\000b\000a\000b\000i\000l\000i\000t\000y\000\040\000d\000e\000n\000s\000i\000t\000y}{section.6.1}% 64
\BOOKMARK [3][-]{subsubsection.6.1.6.1}{\376\377\000E\000s\000t\000i\000m\000a\000t\000i\000o\000n\000\040\000f\000r\000o\000m\000\040\000a\000\040\000s\000i\000n\000g\000l\000e\000\040\000e\000q\000u\000i\000l\000i\000b\000r\000i\000u\000m\000\040\000s\000i\000m\000u\000l\000a\000t\000i\000o\000n}{subsection.6.1.6}% 65
\BOOKMARK [4][-]{paragraph*.85}{\376\377\000P\000r\000o\000b\000a\000b\000i\000l\000i\000t\000y\000\040\000m\000o\000d\000e\000l\000[\000s\000u\000b\000s\000e\000c\000:\000P\000r\000o\000b\000a\000b\000i\000l\000i\000t\000y\000-\000m\000o\000d\000e\000l\000]}{subsubsection.6.1.6.1}% 66
\BOOKMARK [4][-]{paragraph*.86}{\376\377\000L\000i\000k\000e\000l\000i\000h\000o\000o\000d\000\040\000a\000n\000d\000\040\000m\000a\000x\000i\000m\000u\000m\000\040\000l\000i\000k\000e\000l\000i\000h\000o\000o\000d\000\040\000e\000s\000t\000i\000m\000a\000t\000o\000r\000[\000s\000u\000b\000s\000e\000c\000:\000L\000i\000k\000e\000l\000i\000h\000o\000o\000d\000-\000a\000n\000d\000-\000M\000L\000E\000]}{subsubsection.6.1.6.1}% 67
\BOOKMARK [4][-]{paragraph*.88}{\376\377\000C\000o\000n\000s\000i\000s\000t\000e\000n\000c\000y\000\040\000o\000f\000\040\000t\000h\000e\000\040\000M\000L\000E}{subsubsection.6.1.6.1}% 68
\BOOKMARK [4][-]{paragraph*.89}{\376\377\000F\000i\000s\000h\000e\000r\000\040\000i\000n\000f\000o\000r\000m\000a\000t\000i\000o\000n}{subsubsection.6.1.6.1}% 69
\BOOKMARK [4][-]{paragraph*.90}{\376\377\000A\000s\000y\000m\000p\000t\000o\000t\000i\000c\000\040\000n\000o\000r\000m\000a\000l\000i\000t\000y\000\040\000o\000f\000\040\000t\000h\000e\000\040\000M\000L\000E\000[\000s\000u\000b\000s\000e\000c\000:\000A\000s\000y\000m\000p\000t\000o\000t\000i\000c\000-\000n\000o\000r\000m\000a\000l\000i\000t\000y\000]}{subsubsection.6.1.6.1}% 70
\BOOKMARK [4][-]{paragraph*.91}{\376\377\000E\000x\000a\000m\000p\000l\000e\000\040\0001\000\040\000-\000\040\000B\000e\000r\000n\000o\000u\000l\000l\000i\000\040\000e\000x\000p\000e\000r\000i\000m\000e\000n\000t}{subsubsection.6.1.6.1}% 71
\BOOKMARK [4][-]{paragraph*.93}{\376\377\000E\000x\000a\000m\000p\000l\000e\000\040\0002\000\040\000-\000\040\000h\000i\000s\000t\000o\000g\000r\000a\000m\000\040\000e\000s\000t\000i\000m\000a\000t\000i\000o\000n\000\040\000f\000r\000o\000m\000\040\000M\000D\000\040\000s\000i\000m\000u\000l\000a\000t\000i\000o\000n\000[\000s\000u\000b\000s\000e\000c\000:\000E\000x\000a\000m\000p\000l\000e\0002\000-\000s\000i\000n\000g\000l\000e\000-\000h\000i\000s\000t\000o\000g\000r\000a\000m\000]}{subsubsection.6.1.6.1}% 72
\BOOKMARK [3][-]{subsubsection.6.1.6.2}{\376\377\000E\000s\000t\000i\000m\000a\000t\000i\000o\000n\000\040\000f\000r\000o\000m\000\040\000c\000o\000m\000b\000i\000n\000i\000n\000g\000\040\000m\000u\000l\000t\000i\000p\000l\000e\000\040\000s\000i\000m\000u\000l\000a\000t\000i\000o\000n\000\040\000d\000a\000t\000a\000\040\000s\000e\000t\000s}{subsection.6.1.6}% 73
\BOOKMARK [4][-]{paragraph*.94}{\376\377\000W\000e\000i\000g\000h\000t\000e\000d\000\040\000l\000o\000g\000-\000l\000i\000k\000e\000l\000i\000h\000o\000o\000d\000\040\000f\000u\000n\000c\000t\000i\000o\000n\000s\000[\000s\000u\000b\000s\000e\000c\000:\000M\000i\000x\000e\000d\000-\000l\000o\000g\000-\000l\000i\000k\000e\000l\000i\000h\000o\000o\000d\000]}{subsubsection.6.1.6.2}% 74
\BOOKMARK [4][-]{paragraph*.96}{\376\377\000C\000o\000v\000a\000r\000i\000a\000n\000c\000e\000\040\000o\000f\000\040\000t\000h\000e\000\040\000M\000L\000E\000\040\000f\000o\000r\000\040\000t\000h\000e\000\040\000w\000e\000i\000g\000h\000t\000e\000d\000\040\000l\000o\000g\000-\000l\000i\000k\000e\000l\000i\000h\000o\000o\000d\000[\000s\000u\000b\000s\000e\000c\000:\000C\000o\000v\000a\000r\000i\000a\000n\000c\000e\000-\000o\000f\000-\000M\000L\000E\000-\000m\000i\000x\000e\000d\000l\000o\000g\000l\000i\000k\000e\000l\000i\000h\000o\000o\000d\000]}{subsubsection.6.1.6.2}% 75
\BOOKMARK [4][-]{paragraph*.99}{\376\377\000E\000x\000a\000m\000p\000l\000e\000\040\0003\000\040\000-\000\040\000M\000u\000l\000t\000i\000p\000l\000e\000\040\000h\000i\000s\000t\000o\000g\000r\000a\000m\000s\000\040\000f\000r\000o\000m\000\040\000u\000m\000b\000r\000e\000l\000l\000a\000\040\000s\000a\000m\000p\000l\000i\000n\000g\000[\000s\000u\000b\000s\000e\000c\000:\000E\000x\000a\000m\000p\000l\000e\000:\000-\000M\000u\000l\000t\000i\000p\000l\000e\000-\000h\000i\000s\000t\000o\000g\000r\000a\000m\000s\000]}{subsubsection.6.1.6.2}% 76
\BOOKMARK [0][-]{chapter.7}{\376\377\000C\000o\000n\000t\000a\000c\000t}{}% 77
\BOOKMARK [0][-]{chapter.8}{\376\377\000I\000n\000d\000i\000c\000e\000s\000\040\000a\000n\000d\000\040\000t\000a\000b\000l\000e\000s}{}% 78
\BOOKMARK [0][-]{section*.100}{\376\377\000P\000y\000t\000h\000o\000n\000\040\000M\000o\000d\000u\000l\000e\000\040\000I\000n\000d\000e\000x}{}% 79
